{"C:\\API-nodeJS\\src\\app.ts": {"path":"C:\\API-nodeJS\\src\\app.ts","statementMap":{"0":{"start":{"line":15,"column":6},"end":{"line":25,"column":null}},"1":{"start":{"line":27,"column":0},"end":{"line":27,"column":null}},"2":{"start":{"line":28,"column":0},"end":{"line":28,"column":null}},"3":{"start":{"line":30,"column":0},"end":{"line":46,"column":null}},"4":{"start":{"line":31,"column":4},"end":{"line":40,"column":null}},"5":{"start":{"line":42,"column":0},"end":{"line":44,"column":null}},"6":{"start":{"line":47,"column":0},"end":{"line":47,"column":null}},"7":{"start":{"line":48,"column":0},"end":{"line":48,"column":null}},"8":{"start":{"line":49,"column":0},"end":{"line":49,"column":null}},"9":{"start":{"line":50,"column":0},"end":{"line":50,"column":null}},"10":{"start":{"line":51,"column":0},"end":{"line":51,"column":null}},"11":{"start":{"line":52,"column":0},"end":{"line":52,"column":null}}},"fnMap":{},"branchMap":{"0":{"loc":{"start":{"line":30,"column":0},"end":{"line":46,"column":null}},"type":"if","locations":[{"start":{"line":30,"column":0},"end":{"line":46,"column":null}},{"start":{},"end":{}}],"line":30}},"s":{"0":6,"1":6,"2":6,"3":6,"4":6,"5":6,"6":6,"7":6,"8":6,"9":6,"10":6,"11":6},"f":{},"b":{"0":[6,0]},"meta":{"lastBranch":1,"lastFunction":0,"lastStatement":12,"seen":{"s:15:6:25:Infinity":0,"s:27:0:27:Infinity":1,"s:28:0:28:Infinity":2,"b:30:0:46:Infinity:undefined:undefined:undefined:undefined":0,"s:30:0:46:Infinity":3,"s:31:4:40:Infinity":4,"s:42:0:44:Infinity":5,"s:47:0:47:Infinity":6,"s:48:0:48:Infinity":7,"s:49:0:49:Infinity":8,"s:50:0:50:Infinity":9,"s:51:0:51:Infinity":10,"s:52:0:52:Infinity":11}}}
,"C:\\API-nodeJS\\src\\database\\cliente.ts": {"path":"C:\\API-nodeJS\\src\\database\\cliente.ts","statementMap":{"0":{"start":{"line":3,"column":13},"end":{"line":3,"column":null}}},"fnMap":{},"branchMap":{},"s":{"0":6},"f":{},"b":{},"meta":{"lastBranch":0,"lastFunction":0,"lastStatement":1,"seen":{"s:3:13:3:Infinity":0}}}
,"C:\\API-nodeJS\\src\\database\\schema.ts": {"path":"C:\\API-nodeJS\\src\\database\\schema.ts","statementMap":{"0":{"start":{"line":5,"column":13},"end":{"line":12,"column":null}},"1":{"start":{"line":9,"column":15},"end":{"line":12,"column":2}},"2":{"start":{"line":14,"column":13},"end":{"line":21,"column":null}},"3":{"start":{"line":18,"column":14},"end":{"line":21,"column":2}},"4":{"start":{"line":23,"column":13},"end":{"line":28,"column":null}},"5":{"start":{"line":25,"column":47},"end":{"line":25,"column":55}},"6":{"start":{"line":26,"column":48},"end":{"line":26,"column":58}}},"fnMap":{"0":{"name":"(anonymous_0)","decl":{"start":{"line":9,"column":3},"end":{"line":9,"column":4}},"loc":{"start":{"line":9,"column":15},"end":{"line":12,"column":2}},"line":9},"1":{"name":"(anonymous_1)","decl":{"start":{"line":18,"column":2},"end":{"line":18,"column":3}},"loc":{"start":{"line":18,"column":14},"end":{"line":21,"column":2}},"line":18},"2":{"name":"(anonymous_2)","decl":{"start":{"line":25,"column":41},"end":{"line":25,"column":47}},"loc":{"start":{"line":25,"column":47},"end":{"line":25,"column":55}},"line":25},"3":{"name":"(anonymous_3)","decl":{"start":{"line":26,"column":42},"end":{"line":26,"column":48}},"loc":{"start":{"line":26,"column":48},"end":{"line":26,"column":58}},"line":26}},"branchMap":{},"s":{"0":6,"1":0,"2":6,"3":0,"4":6,"5":0,"6":0},"f":{"0":0,"1":0,"2":0,"3":0},"b":{},"meta":{"lastBranch":0,"lastFunction":4,"lastStatement":7,"seen":{"s:5:13:12:Infinity":0,"f:9:3:9:4":0,"s:9:15:12:2":1,"s:14:13:21:Infinity":2,"f:18:2:18:3":1,"s:18:14:21:2":3,"s:23:13:28:Infinity":4,"f:25:41:25:47":2,"s:25:47:25:55":5,"f:26:42:26:48":3,"s:26:48:26:58":6}}}
,"C:\\API-nodeJS\\src\\routes\\create-courses.ts": {"path":"C:\\API-nodeJS\\src\\routes\\create-courses.ts","statementMap":{"0":{"start":{"line":6,"column":57},"end":{"line":37,"column":null}},"1":{"start":{"line":8,"column":0},"end":{"line":36,"column":null}},"2":{"start":{"line":23,"column":24},"end":{"line":23,"column":null}},"3":{"start":{"line":24,"column":30},"end":{"line":24,"column":null}},"4":{"start":{"line":26,"column":4},"end":{"line":35,"column":null}},"5":{"start":{"line":27,"column":23},"end":{"line":30,"column":null}},"6":{"start":{"line":32,"column":4},"end":{"line":32,"column":null}},"7":{"start":{"line":34,"column":8},"end":{"line":34,"column":null}}},"fnMap":{"0":{"name":"(anonymous_0)","decl":{"start":{"line":6,"column":57},"end":{"line":6,"column":63}},"loc":{"start":{"line":6,"column":74},"end":{"line":37,"column":null}},"line":6},"1":{"name":"(anonymous_1)","decl":{"start":{"line":22,"column":3},"end":{"line":22,"column":10}},"loc":{"start":{"line":22,"column":29},"end":{"line":36,"column":1}},"line":22}},"branchMap":{},"s":{"0":6,"1":6,"2":1,"3":1,"4":1,"5":1,"6":1,"7":0},"f":{"0":6,"1":1},"b":{},"meta":{"lastBranch":0,"lastFunction":2,"lastStatement":8,"seen":{"s:6:57:37:Infinity":0,"f:6:57:6:63":0,"s:8:0:36:Infinity":1,"f:22:3:22:10":1,"s:23:24:23:Infinity":2,"s:24:30:24:Infinity":3,"s:26:4:35:Infinity":4,"s:27:23:30:Infinity":5,"s:32:4:32:Infinity":6,"s:34:8:34:Infinity":7}}}
,"C:\\API-nodeJS\\src\\routes\\delete-courses.ts": {"path":"C:\\API-nodeJS\\src\\routes\\delete-courses.ts","statementMap":{"0":{"start":{"line":8,"column":57},"end":{"line":35,"column":null}},"1":{"start":{"line":9,"column":0},"end":{"line":33,"column":null}},"2":{"start":{"line":22,"column":17},"end":{"line":22,"column":null}},"3":{"start":{"line":24,"column":20},"end":{"line":26,"column":null}},"4":{"start":{"line":28,"column":4},"end":{"line":32,"column":null}},"5":{"start":{"line":29,"column":8},"end":{"line":29,"column":null}},"6":{"start":{"line":31,"column":8},"end":{"line":31,"column":null}}},"fnMap":{"0":{"name":"(anonymous_0)","decl":{"start":{"line":8,"column":57},"end":{"line":8,"column":63}},"loc":{"start":{"line":8,"column":74},"end":{"line":35,"column":null}},"line":8},"1":{"name":"(anonymous_1)","decl":{"start":{"line":20,"column":3},"end":{"line":20,"column":10}},"loc":{"start":{"line":20,"column":29},"end":{"line":33,"column":1}},"line":20}},"branchMap":{"0":{"loc":{"start":{"line":28,"column":4},"end":{"line":32,"column":null}},"type":"if","locations":[{"start":{"line":28,"column":4},"end":{"line":32,"column":null}},{"start":{"line":30,"column":11},"end":{"line":32,"column":null}}],"line":28}},"s":{"0":6,"1":6,"2":1,"3":1,"4":1,"5":1,"6":0},"f":{"0":6,"1":1},"b":{"0":[1,0]},"meta":{"lastBranch":1,"lastFunction":2,"lastStatement":7,"seen":{"s:8:57:35:Infinity":0,"f:8:57:8:63":0,"s:9:0:33:Infinity":1,"f:20:3:20:10":1,"s:22:17:22:Infinity":2,"s:24:20:26:Infinity":3,"b:28:4:32:Infinity:30:11:32:Infinity":0,"s:28:4:32:Infinity":4,"s:29:8:29:Infinity":5,"s:31:8:31:Infinity":6}}}
,"C:\\API-nodeJS\\src\\routes\\get-courses.ts": {"path":"C:\\API-nodeJS\\src\\routes\\get-courses.ts","statementMap":{"0":{"start":{"line":8,"column":54},"end":{"line":65,"column":null}},"1":{"start":{"line":10,"column":0},"end":{"line":64,"column":null}},"2":{"start":{"line":36,"column":38},"end":{"line":36,"column":null}},"3":{"start":{"line":38,"column":31},"end":{"line":38,"column":null}},"4":{"start":{"line":40,"column":4},"end":{"line":42,"column":null}},"5":{"start":{"line":41,"column":8},"end":{"line":41,"column":null}},"6":{"start":{"line":44,"column":28},"end":{"line":61,"column":null}},"7":{"start":{"line":63,"column":4},"end":{"line":63,"column":null}}},"fnMap":{"0":{"name":"(anonymous_0)","decl":{"start":{"line":8,"column":54},"end":{"line":8,"column":60}},"loc":{"start":{"line":8,"column":71},"end":{"line":65,"column":null}},"line":8},"1":{"name":"(anonymous_1)","decl":{"start":{"line":35,"column":3},"end":{"line":35,"column":10}},"loc":{"start":{"line":35,"column":29},"end":{"line":64,"column":1}},"line":35}},"branchMap":{"0":{"loc":{"start":{"line":40,"column":4},"end":{"line":42,"column":null}},"type":"if","locations":[{"start":{"line":40,"column":4},"end":{"line":42,"column":null}},{"start":{},"end":{}}],"line":40}},"s":{"0":6,"1":6,"2":1,"3":1,"4":1,"5":1,"6":1,"7":1},"f":{"0":6,"1":1},"b":{"0":[1,0]},"meta":{"lastBranch":1,"lastFunction":2,"lastStatement":8,"seen":{"s:8:54:65:Infinity":0,"f:8:54:8:60":0,"s:10:0:64:Infinity":1,"f:35:3:35:10":1,"s:36:38:36:Infinity":2,"s:38:31:38:Infinity":3,"b:40:4:42:Infinity:undefined:undefined:undefined:undefined":0,"s:40:4:42:Infinity":4,"s:41:8:41:Infinity":5,"s:44:28:61:Infinity":6,"s:63:4:63:Infinity":7}}}
,"C:\\API-nodeJS\\src\\routes\\get-coursesById.ts": {"path":"C:\\API-nodeJS\\src\\routes\\get-coursesById.ts","statementMap":{"0":{"start":{"line":9,"column":58},"end":{"line":44,"column":null}},"1":{"start":{"line":11,"column":0},"end":{"line":43,"column":null}},"2":{"start":{"line":31,"column":21},"end":{"line":31,"column":null}},"3":{"start":{"line":33,"column":19},"end":{"line":36,"column":null}},"4":{"start":{"line":38,"column":4},"end":{"line":40,"column":null}},"5":{"start":{"line":39,"column":8},"end":{"line":39,"column":null}},"6":{"start":{"line":42,"column":4},"end":{"line":42,"column":null}}},"fnMap":{"0":{"name":"(anonymous_0)","decl":{"start":{"line":9,"column":58},"end":{"line":9,"column":64}},"loc":{"start":{"line":9,"column":75},"end":{"line":44,"column":null}},"line":9},"1":{"name":"(anonymous_1)","decl":{"start":{"line":29,"column":3},"end":{"line":29,"column":10}},"loc":{"start":{"line":29,"column":29},"end":{"line":43,"column":1}},"line":29}},"branchMap":{"0":{"loc":{"start":{"line":38,"column":4},"end":{"line":40,"column":null}},"type":"if","locations":[{"start":{"line":38,"column":4},"end":{"line":40,"column":null}},{"start":{},"end":{}}],"line":38}},"s":{"0":6,"1":6,"2":1,"3":1,"4":1,"5":1,"6":0},"f":{"0":6,"1":1},"b":{"0":[1,0]},"meta":{"lastBranch":1,"lastFunction":2,"lastStatement":7,"seen":{"s:9:58:44:Infinity":0,"f:9:58:9:64":0,"s:11:0:43:Infinity":1,"f:29:3:29:10":1,"s:31:21:31:Infinity":2,"s:33:19:36:Infinity":3,"b:38:4:40:Infinity:undefined:undefined:undefined:undefined":0,"s:38:4:40:Infinity":4,"s:39:8:39:Infinity":5,"s:42:4:42:Infinity":6}}}
,"C:\\API-nodeJS\\src\\routes\\patch-courses.ts": {"path":"C:\\API-nodeJS\\src\\routes\\patch-courses.ts","statementMap":{"0":{"start":{"line":7,"column":62},"end":{"line":37,"column":null}},"1":{"start":{"line":9,"column":0},"end":{"line":36,"column":null}},"2":{"start":{"line":22,"column":17},"end":{"line":22,"column":null}},"3":{"start":{"line":23,"column":17},"end":{"line":23,"column":null}},"4":{"start":{"line":25,"column":20},"end":{"line":29,"column":null}},"5":{"start":{"line":31,"column":4},"end":{"line":33,"column":null}},"6":{"start":{"line":32,"column":8},"end":{"line":32,"column":null}},"7":{"start":{"line":34,"column":6},"end":{"line":34,"column":null}}},"fnMap":{"0":{"name":"(anonymous_0)","decl":{"start":{"line":7,"column":62},"end":{"line":7,"column":68}},"loc":{"start":{"line":7,"column":79},"end":{"line":37,"column":null}},"line":7},"1":{"name":"(anonymous_1)","decl":{"start":{"line":21,"column":3},"end":{"line":21,"column":10}},"loc":{"start":{"line":21,"column":29},"end":{"line":36,"column":1}},"line":21}},"branchMap":{"0":{"loc":{"start":{"line":31,"column":4},"end":{"line":33,"column":null}},"type":"if","locations":[{"start":{"line":31,"column":4},"end":{"line":33,"column":null}},{"start":{},"end":{}}],"line":31}},"s":{"0":6,"1":6,"2":1,"3":1,"4":1,"5":1,"6":0,"7":1},"f":{"0":6,"1":1},"b":{"0":[0,1]},"meta":{"lastBranch":1,"lastFunction":2,"lastStatement":8,"seen":{"s:7:62:37:Infinity":0,"f:7:62:7:68":0,"s:9:0:36:Infinity":1,"f:21:3:21:10":1,"s:22:17:22:Infinity":2,"s:23:17:23:Infinity":3,"s:25:20:29:Infinity":4,"b:31:4:33:Infinity:undefined:undefined:undefined:undefined":0,"s:31:4:33:Infinity":5,"s:32:8:32:Infinity":6,"s:34:6:34:Infinity":7}}}
,"C:\\API-nodeJS\\src\\routes\\put-courses.ts": {"path":"C:\\API-nodeJS\\src\\routes\\put-courses.ts","statementMap":{"0":{"start":{"line":7,"column":60},"end":{"line":37,"column":null}},"1":{"start":{"line":9,"column":0},"end":{"line":36,"column":null}},"2":{"start":{"line":22,"column":23},"end":{"line":22,"column":null}},"3":{"start":{"line":23,"column":39},"end":{"line":23,"column":null}},"4":{"start":{"line":25,"column":23},"end":{"line":29,"column":null}},"5":{"start":{"line":31,"column":8},"end":{"line":33,"column":null}},"6":{"start":{"line":32,"column":12},"end":{"line":32,"column":null}},"7":{"start":{"line":35,"column":8},"end":{"line":35,"column":null}}},"fnMap":{"0":{"name":"(anonymous_0)","decl":{"start":{"line":7,"column":60},"end":{"line":7,"column":66}},"loc":{"start":{"line":7,"column":77},"end":{"line":37,"column":null}},"line":7},"1":{"name":"(anonymous_1)","decl":{"start":{"line":21,"column":3},"end":{"line":21,"column":10}},"loc":{"start":{"line":21,"column":29},"end":{"line":36,"column":1}},"line":21}},"branchMap":{"0":{"loc":{"start":{"line":31,"column":8},"end":{"line":33,"column":null}},"type":"if","locations":[{"start":{"line":31,"column":8},"end":{"line":33,"column":null}},{"start":{},"end":{}}],"line":31}},"s":{"0":6,"1":6,"2":1,"3":1,"4":1,"5":1,"6":0,"7":1},"f":{"0":6,"1":1},"b":{"0":[0,1]},"meta":{"lastBranch":1,"lastFunction":2,"lastStatement":8,"seen":{"s:7:60:37:Infinity":0,"f:7:60:7:66":0,"s:9:0:36:Infinity":1,"f:21:3:21:10":1,"s:22:23:22:Infinity":2,"s:23:39:23:Infinity":3,"s:25:23:29:Infinity":4,"b:31:8:33:Infinity:undefined:undefined:undefined:undefined":0,"s:31:8:33:Infinity":5,"s:32:12:32:Infinity":6,"s:35:8:35:Infinity":7}}}
,"C:\\API-nodeJS\\src\\test\\factories\\make-course.ts": {"path":"C:\\API-nodeJS\\src\\test\\factories\\make-course.ts","statementMap":{"0":{"start":{"line":8,"column":19},"end":{"line":12,"column":null}},"1":{"start":{"line":14,"column":4},"end":{"line":14,"column":null}}},"fnMap":{"0":{"name":"makeCourse","decl":{"start":{"line":6,"column":22},"end":{"line":6,"column":35}},"loc":{"start":{"line":6,"column":35},"end":{"line":15,"column":null}},"line":6}},"branchMap":{},"s":{"0":5,"1":5},"f":{"0":5},"b":{},"meta":{"lastBranch":0,"lastFunction":1,"lastStatement":2,"seen":{"f:6:22:6:35":0,"s:8:19:12:Infinity":0,"s:14:4:14:Infinity":1}}}
}
