{"C:\\API-nodeJS\\src\\app.ts": {"path":"C:\\API-nodeJS\\src\\app.ts","statementMap":{"0":{"start":{"line":16,"column":6},"end":{"line":26,"column":null}},"1":{"start":{"line":28,"column":0},"end":{"line":28,"column":null}},"2":{"start":{"line":29,"column":0},"end":{"line":29,"column":null}},"3":{"start":{"line":31,"column":0},"end":{"line":47,"column":null}},"4":{"start":{"line":32,"column":4},"end":{"line":41,"column":null}},"5":{"start":{"line":43,"column":0},"end":{"line":45,"column":null}},"6":{"start":{"line":48,"column":0},"end":{"line":48,"column":null}},"7":{"start":{"line":49,"column":0},"end":{"line":49,"column":null}},"8":{"start":{"line":50,"column":0},"end":{"line":50,"column":null}},"9":{"start":{"line":51,"column":0},"end":{"line":51,"column":null}},"10":{"start":{"line":52,"column":0},"end":{"line":52,"column":null}},"11":{"start":{"line":53,"column":0},"end":{"line":53,"column":null}},"12":{"start":{"line":54,"column":0},"end":{"line":54,"column":null}}},"fnMap":{},"branchMap":{"0":{"loc":{"start":{"line":31,"column":0},"end":{"line":47,"column":null}},"type":"if","locations":[{"start":{"line":31,"column":0},"end":{"line":47,"column":null}},{"start":{},"end":{}}],"line":31}},"s":{"0":7,"1":7,"2":7,"3":7,"4":7,"5":7,"6":7,"7":7,"8":7,"9":7,"10":7,"11":7,"12":7},"f":{},"b":{"0":[7,0]},"meta":{"lastBranch":1,"lastFunction":0,"lastStatement":13,"seen":{"s:16:6:26:Infinity":0,"s:28:0:28:Infinity":1,"s:29:0:29:Infinity":2,"b:31:0:47:Infinity:undefined:undefined:undefined:undefined":0,"s:31:0:47:Infinity":3,"s:32:4:41:Infinity":4,"s:43:0:45:Infinity":5,"s:48:0:48:Infinity":6,"s:49:0:49:Infinity":7,"s:50:0:50:Infinity":8,"s:51:0:51:Infinity":9,"s:52:0:52:Infinity":10,"s:53:0:53:Infinity":11,"s:54:0:54:Infinity":12}}}
,"C:\\API-nodeJS\\src\\database\\cliente.ts": {"path":"C:\\API-nodeJS\\src\\database\\cliente.ts","statementMap":{"0":{"start":{"line":3,"column":13},"end":{"line":3,"column":null}}},"fnMap":{},"branchMap":{},"s":{"0":7},"f":{},"b":{},"meta":{"lastBranch":0,"lastFunction":0,"lastStatement":1,"seen":{"s:3:13:3:Infinity":0}}}
,"C:\\API-nodeJS\\src\\database\\schema.ts": {"path":"C:\\API-nodeJS\\src\\database\\schema.ts","statementMap":{"0":{"start":{"line":6,"column":14},"end":{"line":9,"column":null}},"1":{"start":{"line":11,"column":13},"end":{"line":20,"column":null}},"2":{"start":{"line":17,"column":15},"end":{"line":20,"column":2}},"3":{"start":{"line":22,"column":13},"end":{"line":29,"column":null}},"4":{"start":{"line":26,"column":14},"end":{"line":29,"column":2}},"5":{"start":{"line":31,"column":13},"end":{"line":38,"column":null}},"6":{"start":{"line":33,"column":47},"end":{"line":33,"column":55}},"7":{"start":{"line":34,"column":48},"end":{"line":34,"column":58}},"8":{"start":{"line":36,"column":15},"end":{"line":38,"column":2}}},"fnMap":{"0":{"name":"(anonymous_0)","decl":{"start":{"line":17,"column":3},"end":{"line":17,"column":4}},"loc":{"start":{"line":17,"column":15},"end":{"line":20,"column":2}},"line":17},"1":{"name":"(anonymous_1)","decl":{"start":{"line":26,"column":2},"end":{"line":26,"column":3}},"loc":{"start":{"line":26,"column":14},"end":{"line":29,"column":2}},"line":26},"2":{"name":"(anonymous_2)","decl":{"start":{"line":33,"column":41},"end":{"line":33,"column":47}},"loc":{"start":{"line":33,"column":47},"end":{"line":33,"column":55}},"line":33},"3":{"name":"(anonymous_3)","decl":{"start":{"line":34,"column":42},"end":{"line":34,"column":48}},"loc":{"start":{"line":34,"column":48},"end":{"line":34,"column":58}},"line":34},"4":{"name":"(anonymous_4)","decl":{"start":{"line":36,"column":3},"end":{"line":36,"column":4}},"loc":{"start":{"line":36,"column":15},"end":{"line":38,"column":2}},"line":36}},"branchMap":{},"s":{"0":7,"1":7,"2":0,"3":7,"4":0,"5":7,"6":0,"7":0,"8":0},"f":{"0":0,"1":0,"2":0,"3":0,"4":0},"b":{},"meta":{"lastBranch":0,"lastFunction":5,"lastStatement":9,"seen":{"s:6:14:9:Infinity":0,"s:11:13:20:Infinity":1,"f:17:3:17:4":0,"s:17:15:20:2":2,"s:22:13:29:Infinity":3,"f:26:2:26:3":1,"s:26:14:29:2":4,"s:31:13:38:Infinity":5,"f:33:41:33:47":2,"s:33:47:33:55":6,"f:34:42:34:48":3,"s:34:48:34:58":7,"f:36:3:36:4":4,"s:36:15:38:2":8}}}
,"C:\\API-nodeJS\\src\\routes\\create-courses.ts": {"path":"C:\\API-nodeJS\\src\\routes\\create-courses.ts","statementMap":{"0":{"start":{"line":9,"column":56},"end":{"line":43,"column":null}},"1":{"start":{"line":10,"column":4},"end":{"line":42,"column":null}},"2":{"start":{"line":29,"column":28},"end":{"line":29,"column":null}},"3":{"start":{"line":30,"column":34},"end":{"line":30,"column":null}},"4":{"start":{"line":32,"column":8},"end":{"line":41,"column":null}},"5":{"start":{"line":33,"column":27},"end":{"line":36,"column":null}},"6":{"start":{"line":38,"column":12},"end":{"line":38,"column":null}},"7":{"start":{"line":40,"column":12},"end":{"line":40,"column":null}}},"fnMap":{"0":{"name":"(anonymous_0)","decl":{"start":{"line":9,"column":56},"end":{"line":9,"column":63}},"loc":{"start":{"line":9,"column":74},"end":{"line":43,"column":null}},"line":9},"1":{"name":"(anonymous_1)","decl":{"start":{"line":28,"column":7},"end":{"line":28,"column":14}},"loc":{"start":{"line":28,"column":33},"end":{"line":42,"column":5}},"line":28}},"branchMap":{},"s":{"0":7,"1":7,"2":1,"3":1,"4":1,"5":1,"6":1,"7":0},"f":{"0":7,"1":1},"b":{},"meta":{"lastBranch":0,"lastFunction":2,"lastStatement":8,"seen":{"s:9:56:43:Infinity":0,"f:9:56:9:63":0,"s:10:4:42:Infinity":1,"f:28:7:28:14":1,"s:29:28:29:Infinity":2,"s:30:34:30:Infinity":3,"s:32:8:41:Infinity":4,"s:33:27:36:Infinity":5,"s:38:12:38:Infinity":6,"s:40:12:40:Infinity":7}}}
,"C:\\API-nodeJS\\src\\routes\\delete-courses.ts": {"path":"C:\\API-nodeJS\\src\\routes\\delete-courses.ts","statementMap":{"0":{"start":{"line":9,"column":56},"end":{"line":40,"column":null}},"1":{"start":{"line":10,"column":4},"end":{"line":38,"column":null}},"2":{"start":{"line":27,"column":23},"end":{"line":27,"column":null}},"3":{"start":{"line":29,"column":23},"end":{"line":31,"column":null}},"4":{"start":{"line":33,"column":8},"end":{"line":37,"column":null}},"5":{"start":{"line":34,"column":12},"end":{"line":34,"column":null}},"6":{"start":{"line":36,"column":12},"end":{"line":36,"column":null}}},"fnMap":{"0":{"name":"(anonymous_0)","decl":{"start":{"line":9,"column":56},"end":{"line":9,"column":63}},"loc":{"start":{"line":9,"column":74},"end":{"line":40,"column":null}},"line":9},"1":{"name":"(anonymous_1)","decl":{"start":{"line":25,"column":7},"end":{"line":25,"column":14}},"loc":{"start":{"line":25,"column":33},"end":{"line":38,"column":5}},"line":25}},"branchMap":{"0":{"loc":{"start":{"line":33,"column":8},"end":{"line":37,"column":null}},"type":"if","locations":[{"start":{"line":33,"column":8},"end":{"line":37,"column":null}},{"start":{"line":35,"column":15},"end":{"line":37,"column":null}}],"line":33}},"s":{"0":7,"1":7,"2":2,"3":2,"4":2,"5":1,"6":1},"f":{"0":7,"1":2},"b":{"0":[1,1]},"meta":{"lastBranch":1,"lastFunction":2,"lastStatement":7,"seen":{"s:9:56:40:Infinity":0,"f:9:56:9:63":0,"s:10:4:38:Infinity":1,"f:25:7:25:14":1,"s:27:23:27:Infinity":2,"s:29:23:31:Infinity":3,"b:33:8:37:Infinity:35:15:37:Infinity":0,"s:33:8:37:Infinity":4,"s:34:12:34:Infinity":5,"s:36:12:36:Infinity":6}}}
,"C:\\API-nodeJS\\src\\routes\\get-courses.ts": {"path":"C:\\API-nodeJS\\src\\routes\\get-courses.ts","statementMap":{"0":{"start":{"line":9,"column":53},"end":{"line":70,"column":null}},"1":{"start":{"line":11,"column":4},"end":{"line":69,"column":null}},"2":{"start":{"line":41,"column":42},"end":{"line":41,"column":null}},"3":{"start":{"line":43,"column":34},"end":{"line":43,"column":null}},"4":{"start":{"line":45,"column":8},"end":{"line":47,"column":null}},"5":{"start":{"line":46,"column":12},"end":{"line":46,"column":null}},"6":{"start":{"line":49,"column":32},"end":{"line":66,"column":null}},"7":{"start":{"line":68,"column":8},"end":{"line":68,"column":null}}},"fnMap":{"0":{"name":"(anonymous_0)","decl":{"start":{"line":9,"column":53},"end":{"line":9,"column":60}},"loc":{"start":{"line":9,"column":71},"end":{"line":70,"column":null}},"line":9},"1":{"name":"(anonymous_1)","decl":{"start":{"line":40,"column":7},"end":{"line":40,"column":14}},"loc":{"start":{"line":40,"column":33},"end":{"line":69,"column":5}},"line":40}},"branchMap":{"0":{"loc":{"start":{"line":45,"column":8},"end":{"line":47,"column":null}},"type":"if","locations":[{"start":{"line":45,"column":8},"end":{"line":47,"column":null}},{"start":{},"end":{}}],"line":45}},"s":{"0":7,"1":7,"2":1,"3":1,"4":1,"5":1,"6":1,"7":1},"f":{"0":7,"1":1},"b":{"0":[1,0]},"meta":{"lastBranch":1,"lastFunction":2,"lastStatement":8,"seen":{"s:9:53:70:Infinity":0,"f:9:53:9:60":0,"s:11:4:69:Infinity":1,"f:40:7:40:14":1,"s:41:42:41:Infinity":2,"s:43:34:43:Infinity":3,"b:45:8:47:Infinity:undefined:undefined:undefined:undefined":0,"s:45:8:47:Infinity":4,"s:46:12:46:Infinity":5,"s:49:32:66:Infinity":6,"s:68:8:68:Infinity":7}}}
,"C:\\API-nodeJS\\src\\routes\\get-coursesById.ts": {"path":"C:\\API-nodeJS\\src\\routes\\get-coursesById.ts","statementMap":{"0":{"start":{"line":9,"column":58},"end":{"line":49,"column":null}},"1":{"start":{"line":11,"column":0},"end":{"line":48,"column":null}},"2":{"start":{"line":34,"column":10},"end":{"line":34,"column":null}},"3":{"start":{"line":36,"column":21},"end":{"line":36,"column":null}},"4":{"start":{"line":38,"column":19},"end":{"line":41,"column":null}},"5":{"start":{"line":43,"column":4},"end":{"line":45,"column":null}},"6":{"start":{"line":44,"column":8},"end":{"line":44,"column":null}},"7":{"start":{"line":47,"column":4},"end":{"line":47,"column":null}}},"fnMap":{"0":{"name":"(anonymous_0)","decl":{"start":{"line":9,"column":58},"end":{"line":9,"column":64}},"loc":{"start":{"line":9,"column":75},"end":{"line":49,"column":null}},"line":9},"1":{"name":"(anonymous_1)","decl":{"start":{"line":32,"column":3},"end":{"line":32,"column":10}},"loc":{"start":{"line":32,"column":29},"end":{"line":48,"column":1}},"line":32}},"branchMap":{"0":{"loc":{"start":{"line":43,"column":4},"end":{"line":45,"column":null}},"type":"if","locations":[{"start":{"line":43,"column":4},"end":{"line":45,"column":null}},{"start":{},"end":{}}],"line":43}},"s":{"0":7,"1":7,"2":2,"3":2,"4":2,"5":2,"6":1,"7":1},"f":{"0":7,"1":2},"b":{"0":[1,1]},"meta":{"lastBranch":1,"lastFunction":2,"lastStatement":8,"seen":{"s:9:58:49:Infinity":0,"f:9:58:9:64":0,"s:11:0:48:Infinity":1,"f:32:3:32:10":1,"s:34:10:34:Infinity":2,"s:36:21:36:Infinity":3,"s:38:19:41:Infinity":4,"b:43:4:45:Infinity:undefined:undefined:undefined:undefined":0,"s:43:4:45:Infinity":5,"s:44:8:44:Infinity":6,"s:47:4:47:Infinity":7}}}
,"C:\\API-nodeJS\\src\\routes\\login.ts": {"path":"C:\\API-nodeJS\\src\\routes\\login.ts","statementMap":{"0":{"start":{"line":9,"column":50},"end":{"line":52,"column":null}},"1":{"start":{"line":11,"column":4},"end":{"line":51,"column":null}},"2":{"start":{"line":25,"column":36},"end":{"line":25,"column":null}},"3":{"start":{"line":27,"column":23},"end":{"line":30,"column":null}},"4":{"start":{"line":32,"column":8},"end":{"line":34,"column":null}},"5":{"start":{"line":33,"column":12},"end":{"line":33,"column":null}},"6":{"start":{"line":36,"column":21},"end":{"line":36,"column":null}},"7":{"start":{"line":38,"column":35},"end":{"line":38,"column":null}},"8":{"start":{"line":40,"column":8},"end":{"line":42,"column":null}},"9":{"start":{"line":41,"column":12},"end":{"line":41,"column":null}},"10":{"start":{"line":44,"column":8},"end":{"line":46,"column":null}},"11":{"start":{"line":45,"column":12},"end":{"line":45,"column":null}},"12":{"start":{"line":48,"column":22},"end":{"line":48,"column":null}},"13":{"start":{"line":50,"column":8},"end":{"line":50,"column":null}}},"fnMap":{"0":{"name":"(anonymous_0)","decl":{"start":{"line":9,"column":50},"end":{"line":9,"column":57}},"loc":{"start":{"line":9,"column":68},"end":{"line":52,"column":null}},"line":9},"1":{"name":"(anonymous_1)","decl":{"start":{"line":24,"column":7},"end":{"line":24,"column":14}},"loc":{"start":{"line":24,"column":33},"end":{"line":51,"column":5}},"line":24}},"branchMap":{"0":{"loc":{"start":{"line":32,"column":8},"end":{"line":34,"column":null}},"type":"if","locations":[{"start":{"line":32,"column":8},"end":{"line":34,"column":null}},{"start":{},"end":{}}],"line":32},"1":{"loc":{"start":{"line":40,"column":8},"end":{"line":42,"column":null}},"type":"if","locations":[{"start":{"line":40,"column":8},"end":{"line":42,"column":null}},{"start":{},"end":{}}],"line":40},"2":{"loc":{"start":{"line":44,"column":8},"end":{"line":46,"column":null}},"type":"if","locations":[{"start":{"line":44,"column":8},"end":{"line":46,"column":null}},{"start":{},"end":{}}],"line":44}},"s":{"0":7,"1":7,"2":1,"3":1,"4":1,"5":0,"6":1,"7":1,"8":1,"9":0,"10":1,"11":0,"12":1,"13":1},"f":{"0":7,"1":1},"b":{"0":[0,1],"1":[0,1],"2":[0,1]},"meta":{"lastBranch":3,"lastFunction":2,"lastStatement":14,"seen":{"s:9:50:52:Infinity":0,"f:9:50:9:57":0,"s:11:4:51:Infinity":1,"f:24:7:24:14":1,"s:25:36:25:Infinity":2,"s:27:23:30:Infinity":3,"b:32:8:34:Infinity:undefined:undefined:undefined:undefined":0,"s:32:8:34:Infinity":4,"s:33:12:33:Infinity":5,"s:36:21:36:Infinity":6,"s:38:35:38:Infinity":7,"b:40:8:42:Infinity:undefined:undefined:undefined:undefined":1,"s:40:8:42:Infinity":8,"s:41:12:41:Infinity":9,"b:44:8:46:Infinity:undefined:undefined:undefined:undefined":2,"s:44:8:46:Infinity":10,"s:45:12:45:Infinity":11,"s:48:22:48:Infinity":12,"s:50:8:50:Infinity":13}}}
,"C:\\API-nodeJS\\src\\routes\\patch-courses.ts": {"path":"C:\\API-nodeJS\\src\\routes\\patch-courses.ts","statementMap":{"0":{"start":{"line":9,"column":62},"end":{"line":43,"column":null}},"1":{"start":{"line":11,"column":0},"end":{"line":42,"column":null}},"2":{"start":{"line":28,"column":17},"end":{"line":28,"column":null}},"3":{"start":{"line":29,"column":17},"end":{"line":29,"column":null}},"4":{"start":{"line":31,"column":20},"end":{"line":35,"column":null}},"5":{"start":{"line":37,"column":4},"end":{"line":39,"column":null}},"6":{"start":{"line":38,"column":8},"end":{"line":38,"column":null}},"7":{"start":{"line":40,"column":6},"end":{"line":40,"column":null}}},"fnMap":{"0":{"name":"(anonymous_0)","decl":{"start":{"line":9,"column":62},"end":{"line":9,"column":68}},"loc":{"start":{"line":9,"column":79},"end":{"line":43,"column":null}},"line":9},"1":{"name":"(anonymous_1)","decl":{"start":{"line":27,"column":3},"end":{"line":27,"column":10}},"loc":{"start":{"line":27,"column":29},"end":{"line":42,"column":1}},"line":27}},"branchMap":{"0":{"loc":{"start":{"line":37,"column":4},"end":{"line":39,"column":null}},"type":"if","locations":[{"start":{"line":37,"column":4},"end":{"line":39,"column":null}},{"start":{},"end":{}}],"line":37}},"s":{"0":7,"1":7,"2":2,"3":2,"4":2,"5":2,"6":1,"7":1},"f":{"0":7,"1":2},"b":{"0":[1,1]},"meta":{"lastBranch":1,"lastFunction":2,"lastStatement":8,"seen":{"s:9:62:43:Infinity":0,"f:9:62:9:68":0,"s:11:0:42:Infinity":1,"f:27:3:27:10":1,"s:28:17:28:Infinity":2,"s:29:17:29:Infinity":3,"s:31:20:35:Infinity":4,"b:37:4:39:Infinity:undefined:undefined:undefined:undefined":0,"s:37:4:39:Infinity":5,"s:38:8:38:Infinity":6,"s:40:6:40:Infinity":7}}}
,"C:\\API-nodeJS\\src\\routes\\put-courses.ts": {"path":"C:\\API-nodeJS\\src\\routes\\put-courses.ts","statementMap":{"0":{"start":{"line":9,"column":60},"end":{"line":43,"column":null}},"1":{"start":{"line":11,"column":0},"end":{"line":42,"column":null}},"2":{"start":{"line":28,"column":23},"end":{"line":28,"column":null}},"3":{"start":{"line":29,"column":39},"end":{"line":29,"column":null}},"4":{"start":{"line":31,"column":23},"end":{"line":35,"column":null}},"5":{"start":{"line":37,"column":8},"end":{"line":39,"column":null}},"6":{"start":{"line":38,"column":12},"end":{"line":38,"column":null}},"7":{"start":{"line":41,"column":8},"end":{"line":41,"column":null}}},"fnMap":{"0":{"name":"(anonymous_0)","decl":{"start":{"line":9,"column":60},"end":{"line":9,"column":66}},"loc":{"start":{"line":9,"column":77},"end":{"line":43,"column":null}},"line":9},"1":{"name":"(anonymous_1)","decl":{"start":{"line":27,"column":3},"end":{"line":27,"column":10}},"loc":{"start":{"line":27,"column":29},"end":{"line":42,"column":1}},"line":27}},"branchMap":{"0":{"loc":{"start":{"line":37,"column":8},"end":{"line":39,"column":null}},"type":"if","locations":[{"start":{"line":37,"column":8},"end":{"line":39,"column":null}},{"start":{},"end":{}}],"line":37}},"s":{"0":7,"1":7,"2":2,"3":2,"4":2,"5":2,"6":1,"7":1},"f":{"0":7,"1":2},"b":{"0":[1,1]},"meta":{"lastBranch":1,"lastFunction":2,"lastStatement":8,"seen":{"s:9:60:43:Infinity":0,"f:9:60:9:66":0,"s:11:0:42:Infinity":1,"f:27:3:27:10":1,"s:28:23:28:Infinity":2,"s:29:39:29:Infinity":3,"s:31:23:35:Infinity":4,"b:37:8:39:Infinity:undefined:undefined:undefined:undefined":0,"s:37:8:39:Infinity":5,"s:38:12:38:Infinity":6,"s:41:8:41:Infinity":7}}}
,"C:\\API-nodeJS\\src\\routes\\hooks\\check-req-jwt.ts": {"path":"C:\\API-nodeJS\\src\\routes\\hooks\\check-req-jwt.ts","statementMap":{"0":{"start":{"line":10,"column":18},"end":{"line":10,"column":null}},"1":{"start":{"line":12,"column":4},"end":{"line":14,"column":null}},"2":{"start":{"line":13,"column":8},"end":{"line":13,"column":null}},"3":{"start":{"line":16,"column":4},"end":{"line":18,"column":null}},"4":{"start":{"line":17,"column":8},"end":{"line":17,"column":null}},"5":{"start":{"line":19,"column":4},"end":{"line":26,"column":null}},"6":{"start":{"line":20,"column":23},"end":{"line":20,"column":null}},"7":{"start":{"line":22,"column":7},"end":{"line":22,"column":null}},"8":{"start":{"line":25,"column":9},"end":{"line":25,"column":null}}},"fnMap":{"0":{"name":"checkRequestJwt","decl":{"start":{"line":9,"column":23},"end":{"line":9,"column":39}},"loc":{"start":{"line":9,"column":85},"end":{"line":27,"column":null}},"line":9}},"branchMap":{"0":{"loc":{"start":{"line":12,"column":4},"end":{"line":14,"column":null}},"type":"if","locations":[{"start":{"line":12,"column":4},"end":{"line":14,"column":null}},{"start":{},"end":{}}],"line":12},"1":{"loc":{"start":{"line":16,"column":4},"end":{"line":18,"column":null}},"type":"if","locations":[{"start":{"line":16,"column":4},"end":{"line":18,"column":null}},{"start":{},"end":{}}],"line":16}},"s":{"0":10,"1":10,"2":0,"3":10,"4":0,"5":10,"6":10,"7":10,"8":0},"f":{"0":10},"b":{"0":[0,10],"1":[0,10]},"meta":{"lastBranch":2,"lastFunction":1,"lastStatement":9,"seen":{"f:9:23:9:39":0,"s:10:18:10:Infinity":0,"b:12:4:14:Infinity:undefined:undefined:undefined:undefined":0,"s:12:4:14:Infinity":1,"s:13:8:13:Infinity":2,"b:16:4:18:Infinity:undefined:undefined:undefined:undefined":1,"s:16:4:18:Infinity":3,"s:17:8:17:Infinity":4,"s:19:4:26:Infinity":5,"s:20:23:20:Infinity":6,"s:22:7:22:Infinity":7,"s:25:9:25:Infinity":8}}}
,"C:\\API-nodeJS\\src\\routes\\hooks\\check-user-role.ts": {"path":"C:\\API-nodeJS\\src\\routes\\hooks\\check-user-role.ts","statementMap":{"0":{"start":{"line":5,"column":4},"end":{"line":11,"column":null}},"1":{"start":{"line":6,"column":14},"end":{"line":6,"column":null}},"2":{"start":{"line":8,"column":8},"end":{"line":10,"column":null}},"3":{"start":{"line":9,"column":12},"end":{"line":9,"column":null}}},"fnMap":{"0":{"name":"checkUserRole","decl":{"start":{"line":4,"column":16},"end":{"line":4,"column":30}},"loc":{"start":{"line":4,"column":59},"end":{"line":12,"column":null}},"line":4},"1":{"name":"(anonymous_1)","decl":{"start":{"line":5,"column":11},"end":{"line":5,"column":27}},"loc":{"start":{"line":5,"column":73},"end":{"line":11,"column":null}},"line":5}},"branchMap":{"0":{"loc":{"start":{"line":8,"column":8},"end":{"line":10,"column":null}},"type":"if","locations":[{"start":{"line":8,"column":8},"end":{"line":10,"column":null}},{"start":{},"end":{}}],"line":8}},"s":{"0":35,"1":8,"2":8,"3":0},"f":{"0":35,"1":8},"b":{"0":[0,8]},"meta":{"lastBranch":1,"lastFunction":2,"lastStatement":4,"seen":{"f:4:16:4:30":0,"s:5:4:11:Infinity":0,"f:5:11:5:27":1,"s:6:14:6:Infinity":1,"b:8:8:10:Infinity:undefined:undefined:undefined:undefined":0,"s:8:8:10:Infinity":2,"s:9:12:9:Infinity":3}}}
,"C:\\API-nodeJS\\src\\routes\\utils\\get-authenticated-use.ts": {"path":"C:\\API-nodeJS\\src\\routes\\utils\\get-authenticated-use.ts","statementMap":{"0":{"start":{"line":4,"column":17},"end":{"line":4,"column":null}},"1":{"start":{"line":6,"column":4},"end":{"line":8,"column":null}},"2":{"start":{"line":7,"column":8},"end":{"line":7,"column":null}},"3":{"start":{"line":10,"column":4},"end":{"line":10,"column":null}}},"fnMap":{"0":{"name":"getAuthenticatedUser","decl":{"start":{"line":3,"column":16},"end":{"line":3,"column":37}},"loc":{"start":{"line":3,"column":62},"end":{"line":11,"column":null}},"line":3}},"branchMap":{"0":{"loc":{"start":{"line":6,"column":4},"end":{"line":8,"column":null}},"type":"if","locations":[{"start":{"line":6,"column":4},"end":{"line":8,"column":null}},{"start":{},"end":{}}],"line":6}},"s":{"0":10,"1":10,"2":0,"3":10},"f":{"0":10},"b":{"0":[0,10]},"meta":{"lastBranch":1,"lastFunction":1,"lastStatement":4,"seen":{"f:3:16:3:37":0,"s:4:17:4:Infinity":0,"b:6:4:8:Infinity:undefined:undefined:undefined:undefined":0,"s:6:4:8:Infinity":1,"s:7:8:7:Infinity":2,"s:10:4:10:Infinity":3}}}
,"C:\\API-nodeJS\\src\\test\\factories\\make-course.ts": {"path":"C:\\API-nodeJS\\src\\test\\factories\\make-course.ts","statementMap":{"0":{"start":{"line":8,"column":19},"end":{"line":12,"column":null}},"1":{"start":{"line":14,"column":4},"end":{"line":14,"column":null}}},"fnMap":{"0":{"name":"makeCourse","decl":{"start":{"line":6,"column":22},"end":{"line":6,"column":35}},"loc":{"start":{"line":6,"column":35},"end":{"line":15,"column":null}},"line":6}},"branchMap":{},"s":{"0":3,"1":3},"f":{"0":3},"b":{},"meta":{"lastBranch":0,"lastFunction":1,"lastStatement":2,"seen":{"f:6:22:6:35":0,"s:8:19:12:Infinity":0,"s:14:4:14:Infinity":1}}}
,"C:\\API-nodeJS\\src\\test\\factories\\make-user.ts": {"path":"C:\\API-nodeJS\\src\\test\\factories\\make-user.ts","statementMap":{"0":{"start":{"line":9,"column":10},"end":{"line":9,"column":null}},"1":{"start":{"line":11,"column":19},"end":{"line":17,"column":null}},"2":{"start":{"line":19,"column":4},"end":{"line":22,"column":null}},"3":{"start":{"line":26,"column":21},"end":{"line":26,"column":null}},"4":{"start":{"line":28,"column":4},"end":{"line":31,"column":null}},"5":{"start":{"line":29,"column":8},"end":{"line":29,"column":null}},"6":{"start":{"line":32,"column":18},"end":{"line":32,"column":null}},"7":{"start":{"line":34,"column":4},"end":{"line":34,"column":null}}},"fnMap":{"0":{"name":"makeUser","decl":{"start":{"line":8,"column":22},"end":{"line":8,"column":31}},"loc":{"start":{"line":8,"column":61},"end":{"line":23,"column":null}},"line":8},"1":{"name":"makeAuthenticatedUser","decl":{"start":{"line":25,"column":22},"end":{"line":25,"column":44}},"loc":{"start":{"line":25,"column":73},"end":{"line":35,"column":null}},"line":25}},"branchMap":{"0":{"loc":{"start":{"line":28,"column":4},"end":{"line":31,"column":null}},"type":"if","locations":[{"start":{"line":28,"column":4},"end":{"line":31,"column":null}},{"start":{},"end":{}}],"line":28}},"s":{"0":13,"1":13,"2":13,"3":11,"4":11,"5":0,"6":11,"7":11},"f":{"0":13,"1":11},"b":{"0":[0,11]},"meta":{"lastBranch":1,"lastFunction":2,"lastStatement":8,"seen":{"f:8:22:8:31":0,"s:9:10:9:Infinity":0,"s:11:19:17:Infinity":1,"s:19:4:22:Infinity":2,"f:25:22:25:44":1,"s:26:21:26:Infinity":3,"b:28:4:31:Infinity:undefined:undefined:undefined:undefined":0,"s:28:4:31:Infinity":4,"s:29:8:29:Infinity":5,"s:32:18:32:Infinity":6,"s:34:4:34:Infinity":7}}}
}
